<?xml version="1.0" encoding="UTF-8"?>
<testsuite name="com.stackqueue.MyQueueTest" tests="1" skipped="0" failures="0" errors="0" timestamp="2021-01-15T06:05:31" hostname="DESKTOP-BLCU99U" time="0.008">
  <properties/>
  <testcase name="given3NumberWhenPopedToQueueShouldMatchWithFirstAddedNode" classname="com.stackqueue.MyQueueTest" time="0.008"/>
  <system-out><![CDATA[My Nodes: 56->30->70
My Nodes: 56->30
]]></system-out>
  <system-err><![CDATA[]]></system-err>
</testsuite>
