<?xml version="1.0" encoding="UTF-8"?>
<testsuite name="com.stackqueue.MyStackTest" tests="1" skipped="0" failures="0" errors="0" timestamp="2021-01-14T08:50:32" hostname="DESKTOP-BLCU99U" time="0.046">
  <properties/>
  <testcase name="given3NumberWhenAddedToStackShouldHaveLastAddedNode" classname="com.stackqueue.MyStackTest" time="0.046"/>
  <system-out><![CDATA[My Nodes: 56->30->70
]]></system-out>
  <system-err><![CDATA[]]></system-err>
</testsuite>
